[2022-03-17 16:51:26] [ INFO ] [OdontologoDAOH2:&L] Se ejecuto correctamente
[2022-03-17 16:51:26] [ INFO ] [OdontologoDAOH2:&L] Se ejecuto correctamente
[2022-03-17 16:51:26] [ INFO ] [OdontologoDAOH2:&L] Se ejecuto correctamente
[2022-03-17 16:51:26] [ INFO ] [OdontologoDAOH2:&L] Se ejecuto correctamente
[2022-03-17 16:51:27] [ INFO ] [OdontologoDAOH2:&L] Buscar todo los odontologos: SUCCESS
[2022-03-17 16:51:27] [ INFO ] [OdontologoDAOH2:&L] Se ha eliminado con exito
[2022-03-17 16:51:27] [ INFO ] [OdontologoDAOH2:&L] Buscar Odontologo inicializado
[2022-03-17 16:51:27] [ INFO ] [OdontologoDAOH2:&L] Se trajo al odontologo
[2022-03-17 16:51:27] [ INFO ] [OdontologoDAOH2:&L] Se ejecuto correctamente
[2022-03-17 16:51:27] [ INFO ] [OdontologoDAOH2:&L] Buscar Odontologo inicializado
[2022-03-17 16:51:27] [ INFO ] [OdontologoDAOH2:&L] Se trajo al odontologo
[2022-03-17 16:54:07] [ INFO ] [OdontologoDAOH2:&L] Se ejecuto correctamente
[2022-03-17 16:54:07] [ INFO ] [OdontologoDAOH2:&L] Se ejecuto correctamente
[2022-03-17 16:54:07] [ INFO ] [OdontologoDAOH2:&L] Se ejecuto correctamente
[2022-03-17 16:54:07] [ INFO ] [OdontologoDAOH2:&L] Se ejecuto correctamente
[2022-03-17 16:54:07] [ INFO ] [OdontologoDAOH2:&L] Buscar todo los odontologos: SUCCESS
[2022-03-17 16:54:07] [ INFO ] [OdontologoDAOH2:&L] Se ha eliminado con exito
[2022-03-17 16:54:07] [ INFO ] [OdontologoDAOH2:&L] Buscar Odontologo inicializado
[2022-03-17 16:54:07] [ INFO ] [OdontologoDAOH2:&L] Se trajo al odontologo
[2022-03-17 16:54:07] [ INFO ] [OdontologoDAOH2:&L] Se ejecuto correctamente
[2022-03-17 16:54:07] [ INFO ] [OdontologoDAOH2:&L] Buscar Odontologo inicializado
[2022-03-17 16:54:07] [ INFO ] [OdontologoDAOH2:&L] Se trajo al odontologo
