[2022-03-11 17:19:44] [ INFO ] [Main:&L] Se duplicé el IDError de Sintaxis en sentencia SQL "DROP TABLE IF EXISTS EMPLEADOS;\000aCREATE TABLE EMPLEADOS(ID INT PRIMARY KEY, NAME VARCHAR(255), LASTNAME VARCHAR (225), DNI INT, ADDRESS VARCHAR (255));\000aINSERT INTO EMPLEADOS VALUES(1, 'Pepe', 'Castro', 123123123, 'asd123¡ );\000aINSERT INTO EMPLEADOS VALUES(2, 'Juan', 'Luis', 11423123, 'asd123' );\000aINSERT INTO EMPLEADOS VALUES(1, 'Tomas', 'Romero', 4124124, 'casa123[*]');\000a"
Syntax error in SQL statement "DROP TABLE IF EXISTS EMPLEADOS;\000aCREATE TABLE EMPLEADOS(ID INT PRIMARY KEY, NAME VARCHAR(255), LASTNAME VARCHAR (225), DNI INT, ADDRESS VARCHAR (255));\000aINSERT INTO EMPLEADOS VALUES(1, 'Pepe', 'Castro', 123123123, 'asd123¡ );\000aINSERT INTO EMPLEADOS VALUES(2, 'Juan', 'Luis', 11423123, 'asd123' );\000aINSERT INTO EMPLEADOS VALUES(1, 'Tomas', 'Romero', 4124124, 'casa123[*]');\000a"; SQL statement:
DROP TABLE IF EXISTS EMPLEADOS;
CREATE TABLE EMPLEADOS(ID INT PRIMARY KEY, NAME VARCHAR(255), LASTNAME VARCHAR (225), DNI INT, ADDRESS VARCHAR (255));
INSERT INTO EMPLEADOS VALUES(1, 'Pepe', 'Castro', 123123123, 'asd123¡ );
INSERT INTO EMPLEADOS VALUES(2, 'Juan', 'Luis', 11423123, 'asd123' );
INSERT INTO EMPLEADOS VALUES(1, 'Tomas', 'Romero', 4124124, 'casa123');
 [42000-210]
[2022-03-11 17:20:17] [ INFO ] [Main:&L] Se duplicé el IDError de Sintaxis en sentencia SQL "DROP TABLE IF EXISTS EMPLEADOS;\000aCREATE TABLE EMPLEADOS(ID INT PRIMARY KEY, NAME VARCHAR(255), LASTNAME VARCHAR (225), DNI INT, ADDRESS VARCHAR (255));\000aINSERT INTO EMPLEADOS VALUES(1, 'Pepe', 'Castro', 123123123, 'asd123¡ );\000aINSERT INTO EMPLEADOS VALUES(2, 'Juan', 'Luis', 11423123, 'asd123' );\000aINSERT INTO EMPLEADOS VALUES(1, 'Tomas', 'Romero', 4124124, 'casa123[*]');\000a"
Syntax error in SQL statement "DROP TABLE IF EXISTS EMPLEADOS;\000aCREATE TABLE EMPLEADOS(ID INT PRIMARY KEY, NAME VARCHAR(255), LASTNAME VARCHAR (225), DNI INT, ADDRESS VARCHAR (255));\000aINSERT INTO EMPLEADOS VALUES(1, 'Pepe', 'Castro', 123123123, 'asd123¡ );\000aINSERT INTO EMPLEADOS VALUES(2, 'Juan', 'Luis', 11423123, 'asd123' );\000aINSERT INTO EMPLEADOS VALUES(1, 'Tomas', 'Romero', 4124124, 'casa123[*]');\000a"; SQL statement:
DROP TABLE IF EXISTS EMPLEADOS;
CREATE TABLE EMPLEADOS(ID INT PRIMARY KEY, NAME VARCHAR(255), LASTNAME VARCHAR (225), DNI INT, ADDRESS VARCHAR (255));
INSERT INTO EMPLEADOS VALUES(1, 'Pepe', 'Castro', 123123123, 'asd123¡ );
INSERT INTO EMPLEADOS VALUES(2, 'Juan', 'Luis', 11423123, 'asd123' );
INSERT INTO EMPLEADOS VALUES(1, 'Tomas', 'Romero', 4124124, 'casa123');
 [42000-210]
[2022-03-11 17:21:31] [ INFO ] [Main:&L] Se duplicé el IDError de Sintaxis en sentencia SQL "DROP TABLE IF EXISTS EMPLEADOS;\000aCREATE TABLE EMPLEADOS(ID INT PRIMARY KEY, NAME VARCHAR(255), LASTNAME VARCHAR (225), DNI INT, ADDRESS VARCHAR (255));\000aINSERT INTO EMPLEADOS VALUES(1, 'Pepe', 'Castro', 123123123, 'asd123¡ );\000aINSERT INTO EMPLEADOS VALUES(2, 'Juan', 'Luis', 11423123, 'asd123' );\000aINSERT INTO EMPLEADOS VALUES(1, 'Tomas', 'Romero', 4124124, 'casa123[*]');\000a"
Syntax error in SQL statement "DROP TABLE IF EXISTS EMPLEADOS;\000aCREATE TABLE EMPLEADOS(ID INT PRIMARY KEY, NAME VARCHAR(255), LASTNAME VARCHAR (225), DNI INT, ADDRESS VARCHAR (255));\000aINSERT INTO EMPLEADOS VALUES(1, 'Pepe', 'Castro', 123123123, 'asd123¡ );\000aINSERT INTO EMPLEADOS VALUES(2, 'Juan', 'Luis', 11423123, 'asd123' );\000aINSERT INTO EMPLEADOS VALUES(1, 'Tomas', 'Romero', 4124124, 'casa123[*]');\000a"; SQL statement:
DROP TABLE IF EXISTS EMPLEADOS;
CREATE TABLE EMPLEADOS(ID INT PRIMARY KEY, NAME VARCHAR(255), LASTNAME VARCHAR (225), DNI INT, ADDRESS VARCHAR (255));
INSERT INTO EMPLEADOS VALUES(1, 'Pepe', 'Castro', 123123123, 'asd123¡ );
INSERT INTO EMPLEADOS VALUES(2, 'Juan', 'Luis', 11423123, 'asd123' );
INSERT INTO EMPLEADOS VALUES(1, 'Tomas', 'Romero', 4124124, 'casa123');
 [42000-210]
[2022-03-11 17:23:03] [ INFO ] [Main:&L] Se duplicé el IDError de Sintaxis en sentencia SQL "DROP TABLE IF EXISTS EMPLEADOS;\000aCREATE TABLE EMPLEADOS(ID INT PRIMARY KEY, NAME VARCHAR(255), LASTNAME VARCHAR (225), DNI INT, ADDRESS VARCHAR (255));\000aINSERT INTO EMPLEADOS VALUES(1, 'Pepe', 'Castro', 123123123, 'asd123¡ );\000aINSERT INTO EMPLEADOS VALUES(2, 'Juan', 'Luis', 11423123, 'asd123' );\000aINSERT INTO EMPLEADOS VALUES(1, 'Tomas', 'Romero', 4124124, 'casa123[*]');\000a"
Syntax error in SQL statement "DROP TABLE IF EXISTS EMPLEADOS;\000aCREATE TABLE EMPLEADOS(ID INT PRIMARY KEY, NAME VARCHAR(255), LASTNAME VARCHAR (225), DNI INT, ADDRESS VARCHAR (255));\000aINSERT INTO EMPLEADOS VALUES(1, 'Pepe', 'Castro', 123123123, 'asd123¡ );\000aINSERT INTO EMPLEADOS VALUES(2, 'Juan', 'Luis', 11423123, 'asd123' );\000aINSERT INTO EMPLEADOS VALUES(1, 'Tomas', 'Romero', 4124124, 'casa123[*]');\000a"; SQL statement:
DROP TABLE IF EXISTS EMPLEADOS;
CREATE TABLE EMPLEADOS(ID INT PRIMARY KEY, NAME VARCHAR(255), LASTNAME VARCHAR (225), DNI INT, ADDRESS VARCHAR (255));
INSERT INTO EMPLEADOS VALUES(1, 'Pepe', 'Castro', 123123123, 'asd123¡ );
INSERT INTO EMPLEADOS VALUES(2, 'Juan', 'Luis', 11423123, 'asd123' );
INSERT INTO EMPLEADOS VALUES(1, 'Tomas', 'Romero', 4124124, 'casa123');
 [42000-210]
[2022-03-11 17:23:47] [ INFO ] [Main:&L] Se duplicé el IDError de Sintaxis en sentencia SQL "CREATE TABLE EMPLEADOS(ID INT PRIMARY KEY, NAME VARCHAR(255), LASTNAME VARCHAR (225), DNI INT, ADDRESS VARCHAR (255));\000aINSERT INTO EMPLEADOS VALUES(1, 'Pepe', 'Castro', 123123123, 'asd123¡ );\000aINSERT INTO EMPLEADOS VALUES(2, 'Juan', 'Luis', 11423123, 'asd123' );\000aINSERT INTO EMPLEADOS VALUES(1, 'Tomas', 'Romero', 4124124, 'casa123[*]');\000a"
Syntax error in SQL statement "CREATE TABLE EMPLEADOS(ID INT PRIMARY KEY, NAME VARCHAR(255), LASTNAME VARCHAR (225), DNI INT, ADDRESS VARCHAR (255));\000aINSERT INTO EMPLEADOS VALUES(1, 'Pepe', 'Castro', 123123123, 'asd123¡ );\000aINSERT INTO EMPLEADOS VALUES(2, 'Juan', 'Luis', 11423123, 'asd123' );\000aINSERT INTO EMPLEADOS VALUES(1, 'Tomas', 'Romero', 4124124, 'casa123[*]');\000a"; SQL statement:
CREATE TABLE EMPLEADOS(ID INT PRIMARY KEY, NAME VARCHAR(255), LASTNAME VARCHAR (225), DNI INT, ADDRESS VARCHAR (255));
INSERT INTO EMPLEADOS VALUES(1, 'Pepe', 'Castro', 123123123, 'asd123¡ );
INSERT INTO EMPLEADOS VALUES(2, 'Juan', 'Luis', 11423123, 'asd123' );
INSERT INTO EMPLEADOS VALUES(1, 'Tomas', 'Romero', 4124124, 'casa123');
 [42000-210]
[2022-03-11 17:24:05] [ INFO ] [Main:&L] Se duplicé el ID Error de Sintaxis en sentencia SQL "CREATE TABLE EMPLEADOS(ID INT PRIMARY KEY, NAME VARCHAR(255), LASTNAME VARCHAR (225), DNI INT, ADDRESS VARCHAR (255));\000aINSERT INTO EMPLEADOS VALUES(1, 'Pepe', 'Castro', 123123123, 'asd123¡ );\000aINSERT INTO EMPLEADOS VALUES(2, 'Juan', 'Luis', 11423123, 'asd123' );\000aINSERT INTO EMPLEADOS VALUES(1, 'Tomas', 'Romero', 4124124, 'casa123[*]');\000a"
Syntax error in SQL statement "CREATE TABLE EMPLEADOS(ID INT PRIMARY KEY, NAME VARCHAR(255), LASTNAME VARCHAR (225), DNI INT, ADDRESS VARCHAR (255));\000aINSERT INTO EMPLEADOS VALUES(1, 'Pepe', 'Castro', 123123123, 'asd123¡ );\000aINSERT INTO EMPLEADOS VALUES(2, 'Juan', 'Luis', 11423123, 'asd123' );\000aINSERT INTO EMPLEADOS VALUES(1, 'Tomas', 'Romero', 4124124, 'casa123[*]');\000a"; SQL statement:
CREATE TABLE EMPLEADOS(ID INT PRIMARY KEY, NAME VARCHAR(255), LASTNAME VARCHAR (225), DNI INT, ADDRESS VARCHAR (255));
INSERT INTO EMPLEADOS VALUES(1, 'Pepe', 'Castro', 123123123, 'asd123¡ );
INSERT INTO EMPLEADOS VALUES(2, 'Juan', 'Luis', 11423123, 'asd123' );
INSERT INTO EMPLEADOS VALUES(1, 'Tomas', 'Romero', 4124124, 'casa123');
 [42000-210]
